<?xml version="1.0" encoding="UTF-8"?>
<testng-results skipped="0" failed="0" total="1" passed="1">
  <reporter-output>
  </reporter-output>
  <suite name="Default suite" duration-ms="16593" started-at="2020-03-05T08:57:29Z" finished-at="2020-03-05T08:57:45Z">
    <groups>
    </groups>
    <test name="Default test" duration-ms="16593" started-at="2020-03-05T08:57:29Z" finished-at="2020-03-05T08:57:45Z">
      <class name="WebShopFactoryTest.verifyLoginPageFactory">
        <test-method status="PASS" signature="checklogin()[pri:0, instance:WebShopFactoryTest.verifyLoginPageFactory@737996a0]" name="checklogin" duration-ms="16568" started-at="2020-03-05T14:27:29Z" finished-at="2020-03-05T14:27:45Z">
          <reporter-output>
          </reporter-output>
        </test-method> <!-- checklogin -->
      </class> <!-- WebShopFactoryTest.verifyLoginPageFactory -->
    </test> <!-- Default test -->
  </suite> <!-- Default suite -->
</testng-results>
