<?xml version="1.0" encoding="UTF-8"?>
<!-- Generated by org.testng.reporters.JUnitXMLReporter -->
<testsuite hostname="IBM-Testing01" name="Test" tests="3" failures="0" timestamp="5 Mar 2020 07:05:28 GMT" time="26.517" errors="0">
  <testcase name="chrome1" time="15.998" classname="ParallelTesting.DemoParlleltesing"/>
  <testcase name="chrome2" time="24.985" classname="ParallelTesting.DemoParlleltesing"/>
  <testcase name="firefox" time="26.493" classname="ParallelTesting.DemoParlleltesing"/>
</testsuite> <!-- Test -->
